[2026-01-09 03:39:34,146: INFO: common: yaml file: config/config.yaml loaded success]
[2026-01-09 03:39:34,147: INFO: common: yaml file: params.yaml loaded success]
[2026-01-09 03:39:34,148: INFO: common: yaml file: schema.yaml loaded success]
[2026-01-09 03:39:34,148: INFO: common: create directory at:artifacts]
[2026-01-09 03:39:34,148: INFO: common: create directory at:artifacts/data_validation]
[2026-01-09 03:40:13,114: INFO: common: yaml file: config/config.yaml loaded success]
[2026-01-09 03:40:13,116: INFO: common: yaml file: params.yaml loaded success]
[2026-01-09 03:40:13,117: INFO: common: yaml file: schema.yaml loaded success]
[2026-01-09 03:40:13,117: INFO: common: create directory at:artifacts]
[2026-01-09 03:40:13,117: INFO: common: create directory at:artifacts/data_validation]
[2026-01-09 03:41:11,830: INFO: common: yaml file: config/config.yaml loaded success]
[2026-01-09 03:41:11,831: INFO: common: yaml file: params.yaml loaded success]
[2026-01-09 03:41:11,832: INFO: common: yaml file: schema.yaml loaded success]
[2026-01-09 03:41:11,832: INFO: common: create directory at:artifacts]
[2026-01-09 03:41:11,832: INFO: common: create directory at:artifacts/data_validation]
[2026-01-09 03:43:55,693: INFO: common: yaml file: config/config.yaml loaded success]
[2026-01-09 03:43:55,695: INFO: common: yaml file: params.yaml loaded success]
[2026-01-09 03:43:55,695: INFO: common: yaml file: schema.yaml loaded success]
[2026-01-09 03:43:55,696: INFO: common: create directory at:artifacts]
[2026-01-09 03:43:55,696: INFO: common: create directory at:artifacts/data_validation]
[2026-01-09 03:44:19,817: INFO: common: yaml file: config/config.yaml loaded success]
[2026-01-09 03:44:19,819: INFO: common: yaml file: params.yaml loaded success]
[2026-01-09 03:44:19,820: INFO: common: yaml file: schema.yaml loaded success]
[2026-01-09 03:44:19,820: INFO: common: create directory at:artifacts]
[2026-01-09 03:44:19,820: INFO: common: create directory at:artifacts/data_validation]
[2026-01-09 03:44:39,605: INFO: common: yaml file: config/config.yaml loaded success]
[2026-01-09 03:44:39,607: INFO: common: yaml file: params.yaml loaded success]
[2026-01-09 03:44:39,608: INFO: common: yaml file: schema.yaml loaded success]
[2026-01-09 03:44:39,608: INFO: common: create directory at:artifacts]
[2026-01-09 03:48:17,883: INFO: main: Welcome to the custom test logger]
[2026-01-09 03:48:17,884: INFO: main: >>>>> stage Data Ingestion Stage started <<<<<<<<]
[2026-01-09 03:48:17,885: INFO: common: yaml file: config/config.yaml loaded success]
[2026-01-09 03:48:17,886: INFO: common: yaml file: params.yaml loaded success]
[2026-01-09 03:48:17,886: INFO: common: yaml file: schema.yaml loaded success]
[2026-01-09 03:48:17,887: INFO: common: create directory at:artifacts]
[2026-01-09 03:48:17,887: INFO: common: create directory at:artifacts/data_ingestion]
[2026-01-09 03:48:18,012: INFO: data_ingestion: artifacts/data_ingestion/data.zip download! with following info: 
Connection: close
Content-Length: 23329
Cache-Control: max-age=300
Content-Security-Policy: default-src 'none'; style-src 'unsafe-inline'; sandbox
Content-Type: application/zip
ETag: "c69888a4ae59bc5a893392785a938ccd4937981c06ba8a9d6a21aa52b4ab5b6e"
Strict-Transport-Security: max-age=31536000
X-Content-Type-Options: nosniff
X-Frame-Options: deny
X-XSS-Protection: 1; mode=block
X-GitHub-Request-Id: CB1B:32C44F:49C3E7:5AEAAB:6960C0CF
Accept-Ranges: bytes
Date: Fri, 09 Jan 2026 08:48:18 GMT
Via: 1.1 varnish
X-Served-By: cache-ewr-kewr1740048-EWR
X-Cache: MISS
X-Cache-Hits: 0
X-Timer: S1767948498.971849,VS0,VE67
Vary: Authorization,Accept-Encoding
Access-Control-Allow-Origin: *
Cross-Origin-Resource-Policy: cross-origin
X-Fastly-Request-ID: 27fdc967307f3ad0da4bb1081343d51d9101896b
Expires: Fri, 09 Jan 2026 08:53:18 GMT
Source-Age: 0

]
[2026-01-09 03:48:18,014: INFO: main: >>>>>>>> stage Data Ingestion Stage completed <<<<<<<<<<

 x==========x]
[2026-01-09 03:48:59,637: INFO: common: yaml file: config/config.yaml loaded success]
[2026-01-09 03:48:59,638: INFO: common: yaml file: params.yaml loaded success]
[2026-01-09 03:48:59,639: INFO: common: yaml file: schema.yaml loaded success]
[2026-01-09 03:48:59,639: INFO: common: create directory at:artifacts]
[2026-01-09 03:48:59,639: INFO: common: create directory at:artifacts/data_validation]
[2026-01-09 03:48:59,644: INFO: common: yaml file: config/config.yaml loaded success]
[2026-01-09 03:48:59,644: INFO: common: yaml file: params.yaml loaded success]
[2026-01-09 03:48:59,645: INFO: common: yaml file: schema.yaml loaded success]
[2026-01-09 03:48:59,645: INFO: common: create directory at:artifacts]
[2026-01-09 03:48:59,645: INFO: common: create directory at:artifacts/data_transformation]
[2026-01-09 03:48:59,656: INFO: data_transformation: Data split completed into train and test]
[2026-01-09 03:48:59,656: INFO: data_transformation: Training data shape: (1199, 12)]
[2026-01-09 03:48:59,656: INFO: data_transformation: Testing data shape:(400, 12)]
[2026-01-09 03:48:59,657: INFO: main: Welcome to the custom test logger]
[2026-01-09 03:48:59,657: INFO: main: >>>>> stage Data Ingestion Stage started <<<<<<<<]
[2026-01-09 03:48:59,657: INFO: common: yaml file: config/config.yaml loaded success]
[2026-01-09 03:48:59,658: INFO: common: yaml file: params.yaml loaded success]
[2026-01-09 03:48:59,658: INFO: common: yaml file: schema.yaml loaded success]
[2026-01-09 03:48:59,658: INFO: common: create directory at:artifacts]
[2026-01-09 03:48:59,658: INFO: common: create directory at:artifacts/data_ingestion]
[2026-01-09 03:48:59,658: INFO: data_ingestion: file already exists]
[2026-01-09 03:48:59,660: INFO: main: >>>>>>>> stage Data Ingestion Stage completed <<<<<<<<<<

 x==========x]
[2026-01-09 03:48:59,660: INFO: main: >>>>> stage Data Validation Stage started <<<<<<<<]
[2026-01-09 03:48:59,660: INFO: common: yaml file: config/config.yaml loaded success]
[2026-01-09 03:48:59,661: INFO: common: yaml file: params.yaml loaded success]
[2026-01-09 03:48:59,661: INFO: common: yaml file: schema.yaml loaded success]
[2026-01-09 03:48:59,661: INFO: common: create directory at:artifacts]
[2026-01-09 03:48:59,661: INFO: common: create directory at:artifacts/data_validation]
[2026-01-09 03:48:59,664: INFO: main: >>>>>>>> stage Data Validation Stage completed <<<<<<<<<<

 x==========x]
[2026-01-09 03:48:59,664: INFO: main: >>>>> stage Data Transformation Stage started <<<<<<<<]
[2026-01-09 03:48:59,664: INFO: common: yaml file: config/config.yaml loaded success]
[2026-01-09 03:48:59,665: INFO: common: yaml file: params.yaml loaded success]
[2026-01-09 03:48:59,665: INFO: common: yaml file: schema.yaml loaded success]
[2026-01-09 03:48:59,666: INFO: common: create directory at:artifacts]
[2026-01-09 03:48:59,666: INFO: common: create directory at:artifacts/data_transformation]
[2026-01-09 03:48:59,673: INFO: data_transformation: Data split completed into train and test]
[2026-01-09 03:48:59,673: INFO: data_transformation: Training data shape: (1199, 12)]
[2026-01-09 03:48:59,673: INFO: data_transformation: Testing data shape:(400, 12)]
[2026-01-09 03:48:59,673: INFO: main: >>>>>>>> stage Data Transformation Stage completed <<<<<<<<<<

 x==========x]
[2026-01-09 03:49:32,694: INFO: common: yaml file: config/config.yaml loaded success]
[2026-01-09 03:49:32,696: INFO: common: yaml file: params.yaml loaded success]
[2026-01-09 03:49:32,697: INFO: common: yaml file: schema.yaml loaded success]
[2026-01-09 03:49:32,697: INFO: common: create directory at:artifacts]
[2026-01-09 03:49:32,697: INFO: common: create directory at:artifacts/data_validation]
[2026-01-09 03:50:02,176: INFO: common: yaml file: config/config.yaml loaded success]
[2026-01-09 03:50:02,178: INFO: common: yaml file: params.yaml loaded success]
[2026-01-09 03:50:02,178: INFO: common: yaml file: schema.yaml loaded success]
[2026-01-09 03:50:02,179: INFO: common: create directory at:artifacts]
[2026-01-09 03:50:02,179: INFO: common: create directory at:artifacts/data_validation]
[2026-01-09 03:51:43,365: INFO: common: yaml file: config/config.yaml loaded success]
[2026-01-09 03:51:43,368: INFO: common: yaml file: params.yaml loaded success]
[2026-01-09 03:51:43,369: INFO: common: yaml file: schema.yaml loaded success]
[2026-01-09 03:51:43,369: INFO: common: create directory at:artifacts]
[2026-01-09 03:51:43,369: INFO: common: create directory at:artifacts/data_validation]
[2026-01-09 03:54:49,201: INFO: main: Welcome to the custom test logger]
[2026-01-09 03:54:49,201: INFO: main: >>>>> stage Data Ingestion Stage started <<<<<<<<]
[2026-01-09 03:54:49,202: INFO: common: yaml file: config/config.yaml loaded success]
[2026-01-09 03:54:49,203: INFO: common: yaml file: params.yaml loaded success]
[2026-01-09 03:54:49,204: INFO: common: yaml file: schema.yaml loaded success]
[2026-01-09 03:54:49,204: INFO: common: create directory at:artifacts]
[2026-01-09 03:54:49,205: INFO: common: create directory at:artifacts/data_ingestion]
[2026-01-09 03:54:49,277: INFO: data_ingestion: artifacts/data_ingestion/data.zip download! with following info: 
Connection: close
Content-Length: 23329
Cache-Control: max-age=300
Content-Security-Policy: default-src 'none'; style-src 'unsafe-inline'; sandbox
Content-Type: application/zip
ETag: "c69888a4ae59bc5a893392785a938ccd4937981c06ba8a9d6a21aa52b4ab5b6e"
Strict-Transport-Security: max-age=31536000
X-Content-Type-Options: nosniff
X-Frame-Options: deny
X-XSS-Protection: 1; mode=block
X-GitHub-Request-Id: CB1B:32C44F:49C3E7:5AEAAB:6960C0CF
Accept-Ranges: bytes
Date: Fri, 09 Jan 2026 08:54:49 GMT
Via: 1.1 varnish
X-Served-By: cache-ewr-kewr1740083-EWR
X-Cache: HIT
X-Cache-Hits: 0
X-Timer: S1767948889.281298,VS0,VE24
Vary: Authorization,Accept-Encoding
Access-Control-Allow-Origin: *
Cross-Origin-Resource-Policy: cross-origin
X-Fastly-Request-ID: a3d7ad7df2831313e6193cbb0fd46fdd167e4075
Expires: Fri, 09 Jan 2026 08:59:49 GMT
Source-Age: 0

]
[2026-01-09 03:54:49,278: INFO: main: >>>>>>>> stage Data Ingestion Stage completed <<<<<<<<<<

 x==========x]
[2026-01-09 03:54:50,370: INFO: common: yaml file: config/config.yaml loaded success]
[2026-01-09 03:54:50,370: INFO: common: yaml file: params.yaml loaded success]
[2026-01-09 03:54:50,371: INFO: common: yaml file: schema.yaml loaded success]
[2026-01-09 03:54:50,371: INFO: common: create directory at:artifacts]
[2026-01-09 03:54:50,371: INFO: common: create directory at:artifacts/data_validation]
[2026-01-09 03:54:50,377: INFO: main: >>>>> stage Data Validation Stage started <<<<<<<<]
[2026-01-09 03:54:50,377: INFO: common: yaml file: config/config.yaml loaded success]
[2026-01-09 03:54:50,378: INFO: common: yaml file: params.yaml loaded success]
[2026-01-09 03:54:50,378: INFO: common: yaml file: schema.yaml loaded success]
[2026-01-09 03:54:50,378: INFO: common: create directory at:artifacts]
[2026-01-09 03:54:50,378: INFO: common: create directory at:artifacts/data_validation]
[2026-01-09 03:54:50,380: INFO: main: >>>>>>>> stage Data Validation Stage completed <<<<<<<<<<

 x==========x]
[2026-01-09 03:54:50,382: INFO: common: yaml file: config/config.yaml loaded success]
[2026-01-09 03:54:50,382: INFO: common: yaml file: params.yaml loaded success]
[2026-01-09 03:54:50,383: INFO: common: yaml file: schema.yaml loaded success]
[2026-01-09 03:54:50,383: INFO: common: create directory at:artifacts]
[2026-01-09 03:54:50,383: INFO: common: create directory at:artifacts/data_transformation]
[2026-01-09 03:54:50,394: INFO: data_transformation: Data split completed into train and test]
[2026-01-09 03:54:50,394: INFO: data_transformation: Training data shape: (1199, 12)]
[2026-01-09 03:54:50,394: INFO: data_transformation: Testing data shape:(400, 12)]
[2026-01-09 03:54:50,394: INFO: main: >>>>> stage Data Transformation Stage started <<<<<<<<]
[2026-01-09 03:54:50,395: INFO: common: yaml file: config/config.yaml loaded success]
[2026-01-09 03:54:50,395: INFO: common: yaml file: params.yaml loaded success]
[2026-01-09 03:54:50,396: INFO: common: yaml file: schema.yaml loaded success]
[2026-01-09 03:54:50,396: INFO: common: create directory at:artifacts]
[2026-01-09 03:54:50,396: INFO: common: create directory at:artifacts/data_transformation]
[2026-01-09 03:54:50,403: INFO: data_transformation: Data split completed into train and test]
[2026-01-09 03:54:50,403: INFO: data_transformation: Training data shape: (1199, 12)]
[2026-01-09 03:54:50,403: INFO: data_transformation: Testing data shape:(400, 12)]
[2026-01-09 03:54:50,403: INFO: main: >>>>>>>> stage Data Transformation Stage completed <<<<<<<<<<

 x==========x]
[2026-01-09 04:22:43,587: INFO: common: yaml file: config/config.yaml loaded success]
[2026-01-09 04:22:43,593: INFO: common: yaml file: params.yaml loaded success]
[2026-01-09 04:22:43,594: INFO: common: yaml file: schema.yaml loaded success]
[2026-01-09 04:23:23,280: INFO: common: yaml file: config/config.yaml loaded success]
[2026-01-09 04:23:23,282: INFO: common: yaml file: params.yaml loaded success]
[2026-01-09 04:23:23,283: INFO: common: yaml file: schema.yaml loaded success]
[2026-01-09 04:23:23,284: INFO: common: create directory at:artifacts]
[2026-01-09 04:24:35,906: INFO: common: yaml file: config/config.yaml loaded success]
[2026-01-09 04:24:35,908: INFO: common: yaml file: params.yaml loaded success]
[2026-01-09 04:24:35,910: INFO: common: yaml file: schema.yaml loaded success]
[2026-01-09 04:24:35,910: INFO: common: create directory at:artifacts]
[2026-01-09 04:25:23,411: INFO: common: yaml file: config/config.yaml loaded success]
[2026-01-09 04:25:23,412: INFO: common: yaml file: params.yaml loaded success]
[2026-01-09 04:25:23,413: INFO: common: yaml file: schema.yaml loaded success]
[2026-01-09 04:25:23,414: INFO: common: create directory at:artifacts]
[2026-01-09 04:26:01,118: INFO: common: yaml file: config/config.yaml loaded success]
[2026-01-09 04:26:01,126: INFO: common: yaml file: params.yaml loaded success]
[2026-01-09 04:26:01,128: INFO: common: yaml file: schema.yaml loaded success]
[2026-01-09 04:26:01,129: INFO: common: create directory at:artifacts]
[2026-01-09 04:29:10,396: INFO: common: yaml file: config/config.yaml loaded success]
[2026-01-09 04:29:10,400: INFO: common: yaml file: params.yaml loaded success]
[2026-01-09 04:29:10,402: INFO: common: yaml file: schema.yaml loaded success]
[2026-01-09 04:29:10,404: INFO: common: create directory at:artifacts]
[2026-01-09 04:29:10,405: INFO: common: create directory at:artifacts/model_trainer]
[2026-01-09 04:31:44,250: INFO: common: yaml file: config/config.yaml loaded success]
[2026-01-09 04:31:44,253: INFO: common: yaml file: params.yaml loaded success]
[2026-01-09 04:31:44,255: INFO: common: yaml file: schema.yaml loaded success]
[2026-01-09 04:31:44,256: INFO: common: create directory at:artifacts]
[2026-01-09 04:31:44,257: INFO: common: create directory at:artifacts/model_trainer]
[2026-01-09 04:32:54,188: INFO: common: yaml file: config/config.yaml loaded success]
[2026-01-09 04:32:54,191: INFO: common: yaml file: params.yaml loaded success]
[2026-01-09 04:32:54,193: INFO: common: yaml file: schema.yaml loaded success]
[2026-01-09 04:32:54,194: INFO: common: create directory at:artifacts]
[2026-01-09 04:32:54,194: INFO: common: create directory at:artifacts/model_trainer]
[2026-01-09 04:42:17,727: INFO: main: Welcome to the custom test logger]
[2026-01-09 04:42:17,728: INFO: main: >>>>> stage Data Ingestion Stage started <<<<<<<<]
[2026-01-09 04:42:17,730: INFO: common: yaml file: config/config.yaml loaded success]
[2026-01-09 04:42:17,731: INFO: common: yaml file: params.yaml loaded success]
[2026-01-09 04:42:17,732: INFO: common: yaml file: schema.yaml loaded success]
[2026-01-09 04:42:17,732: INFO: common: create directory at:artifacts]
[2026-01-09 04:42:17,732: INFO: common: create directory at:artifacts/data_ingestion]
[2026-01-09 04:42:17,732: INFO: data_ingestion: file already exists]
[2026-01-09 04:42:17,734: INFO: main: >>>>>>>> stage Data Ingestion Stage completed <<<<<<<<<<

 x==========x]
[2026-01-09 04:42:18,833: INFO: common: yaml file: config/config.yaml loaded success]
[2026-01-09 04:42:18,833: INFO: common: yaml file: params.yaml loaded success]
[2026-01-09 04:42:18,834: INFO: common: yaml file: schema.yaml loaded success]
[2026-01-09 04:42:18,834: INFO: common: create directory at:artifacts]
[2026-01-09 04:42:18,834: INFO: common: create directory at:artifacts/data_validation]
[2026-01-09 04:42:18,839: INFO: main: >>>>> stage Data Validation Stage started <<<<<<<<]
[2026-01-09 04:42:18,840: INFO: common: yaml file: config/config.yaml loaded success]
[2026-01-09 04:42:18,840: INFO: common: yaml file: params.yaml loaded success]
[2026-01-09 04:42:18,841: INFO: common: yaml file: schema.yaml loaded success]
[2026-01-09 04:42:18,841: INFO: common: create directory at:artifacts]
[2026-01-09 04:42:18,841: INFO: common: create directory at:artifacts/data_validation]
[2026-01-09 04:42:18,843: INFO: main: >>>>>>>> stage Data Validation Stage completed <<<<<<<<<<

 x==========x]
[2026-01-09 04:42:18,845: INFO: common: yaml file: config/config.yaml loaded success]
[2026-01-09 04:42:18,845: INFO: common: yaml file: params.yaml loaded success]
[2026-01-09 04:42:18,846: INFO: common: yaml file: schema.yaml loaded success]
[2026-01-09 04:42:18,846: INFO: common: create directory at:artifacts]
[2026-01-09 04:42:18,846: INFO: common: create directory at:artifacts/data_transformation]
[2026-01-09 04:42:18,857: INFO: data_transformation: Data split completed into train and test]
[2026-01-09 04:42:18,857: INFO: data_transformation: Training data shape: (1199, 12)]
[2026-01-09 04:42:18,857: INFO: data_transformation: Testing data shape:(400, 12)]
[2026-01-09 04:42:18,857: INFO: main: >>>>> stage Data Transformation Stage started <<<<<<<<]
[2026-01-09 04:42:18,858: INFO: common: yaml file: config/config.yaml loaded success]
[2026-01-09 04:42:18,858: INFO: common: yaml file: params.yaml loaded success]
[2026-01-09 04:42:18,859: INFO: common: yaml file: schema.yaml loaded success]
[2026-01-09 04:42:18,859: INFO: common: create directory at:artifacts]
[2026-01-09 04:42:18,859: INFO: common: create directory at:artifacts/data_transformation]
[2026-01-09 04:42:18,866: INFO: data_transformation: Data split completed into train and test]
[2026-01-09 04:42:18,866: INFO: data_transformation: Training data shape: (1199, 12)]
[2026-01-09 04:42:18,866: INFO: data_transformation: Testing data shape:(400, 12)]
[2026-01-09 04:42:18,867: INFO: main: >>>>>>>> stage Data Transformation Stage completed <<<<<<<<<<

 x==========x]
[2026-01-09 04:42:18,929: INFO: main: >>>>> stage Model Training Stage started <<<<<<<<]
[2026-01-09 04:42:18,930: INFO: common: yaml file: config/config.yaml loaded success]
[2026-01-09 04:42:18,931: INFO: common: yaml file: params.yaml loaded success]
[2026-01-09 04:42:18,932: INFO: common: yaml file: schema.yaml loaded success]
[2026-01-09 04:42:18,932: INFO: common: create directory at:artifacts]
[2026-01-09 04:42:18,932: INFO: common: create directory at:artifacts/model_trainer]
[2026-01-09 04:42:18,939: ERROR: main: 'ModelTrainerTrainingPipeline' object has no attribute 'info']
Traceback (most recent call last):
  File "/Users/drdre/Desktop/ML/mlops_proj/main.py", line 53, in <module>
    model_trainer.info(f">>>>>>>> stage {STAGE_NAME} completed <<<<<<<<<<\n\n x==========x")
AttributeError: 'ModelTrainerTrainingPipeline' object has no attribute 'info'
[2026-01-09 04:43:11,859: INFO: main: Welcome to the custom test logger]
[2026-01-09 04:43:11,860: INFO: main: >>>>> stage Data Ingestion Stage started <<<<<<<<]
[2026-01-09 04:43:11,861: INFO: common: yaml file: config/config.yaml loaded success]
[2026-01-09 04:43:11,862: INFO: common: yaml file: params.yaml loaded success]
[2026-01-09 04:43:11,863: INFO: common: yaml file: schema.yaml loaded success]
[2026-01-09 04:43:11,863: INFO: common: create directory at:artifacts]
[2026-01-09 04:43:11,863: INFO: common: create directory at:artifacts/data_ingestion]
[2026-01-09 04:43:11,972: INFO: data_ingestion: artifacts/data_ingestion/data.zip download! with following info: 
Connection: close
Content-Length: 23329
Cache-Control: max-age=300
Content-Security-Policy: default-src 'none'; style-src 'unsafe-inline'; sandbox
Content-Type: application/zip
ETag: "c69888a4ae59bc5a893392785a938ccd4937981c06ba8a9d6a21aa52b4ab5b6e"
Strict-Transport-Security: max-age=31536000
X-Content-Type-Options: nosniff
X-Frame-Options: deny
X-XSS-Protection: 1; mode=block
X-GitHub-Request-Id: CB1B:32C44F:49C3E7:5AEAAB:6960C0CF
Accept-Ranges: bytes
Date: Fri, 09 Jan 2026 09:43:11 GMT
Via: 1.1 varnish
X-Served-By: cache-ewr-kewr1740031-EWR
X-Cache: HIT
X-Cache-Hits: 0
X-Timer: S1767951792.964436,VS0,VE30
Vary: Authorization,Accept-Encoding
Access-Control-Allow-Origin: *
Cross-Origin-Resource-Policy: cross-origin
X-Fastly-Request-ID: 109bede6d3a6db6eee2a91ae776fa65c0791c8d9
Expires: Fri, 09 Jan 2026 09:48:11 GMT
Source-Age: 0

]
[2026-01-09 04:43:11,974: INFO: main: >>>>>>>> stage Data Ingestion Stage completed <<<<<<<<<<

 x==========x]
[2026-01-09 04:43:13,024: INFO: common: yaml file: config/config.yaml loaded success]
[2026-01-09 04:43:13,024: INFO: common: yaml file: params.yaml loaded success]
[2026-01-09 04:43:13,025: INFO: common: yaml file: schema.yaml loaded success]
[2026-01-09 04:43:13,025: INFO: common: create directory at:artifacts]
[2026-01-09 04:43:13,025: INFO: common: create directory at:artifacts/data_validation]
[2026-01-09 04:43:13,030: INFO: main: >>>>> stage Data Validation Stage started <<<<<<<<]
[2026-01-09 04:43:13,031: INFO: common: yaml file: config/config.yaml loaded success]
[2026-01-09 04:43:13,031: INFO: common: yaml file: params.yaml loaded success]
[2026-01-09 04:43:13,032: INFO: common: yaml file: schema.yaml loaded success]
[2026-01-09 04:43:13,032: INFO: common: create directory at:artifacts]
[2026-01-09 04:43:13,032: INFO: common: create directory at:artifacts/data_validation]
[2026-01-09 04:43:13,034: INFO: main: >>>>>>>> stage Data Validation Stage completed <<<<<<<<<<

 x==========x]
[2026-01-09 04:43:13,036: INFO: common: yaml file: config/config.yaml loaded success]
[2026-01-09 04:43:13,036: INFO: common: yaml file: params.yaml loaded success]
[2026-01-09 04:43:13,037: INFO: common: yaml file: schema.yaml loaded success]
[2026-01-09 04:43:13,037: INFO: common: create directory at:artifacts]
[2026-01-09 04:43:13,037: INFO: common: create directory at:artifacts/data_transformation]
[2026-01-09 04:43:13,047: INFO: data_transformation: Data split completed into train and test]
[2026-01-09 04:43:13,047: INFO: data_transformation: Training data shape: (1199, 12)]
[2026-01-09 04:43:13,047: INFO: data_transformation: Testing data shape:(400, 12)]
[2026-01-09 04:43:13,047: INFO: main: >>>>> stage Data Transformation Stage started <<<<<<<<]
[2026-01-09 04:43:13,048: INFO: common: yaml file: config/config.yaml loaded success]
[2026-01-09 04:43:13,048: INFO: common: yaml file: params.yaml loaded success]
[2026-01-09 04:43:13,049: INFO: common: yaml file: schema.yaml loaded success]
[2026-01-09 04:43:13,049: INFO: common: create directory at:artifacts]
[2026-01-09 04:43:13,049: INFO: common: create directory at:artifacts/data_transformation]
[2026-01-09 04:43:13,056: INFO: data_transformation: Data split completed into train and test]
[2026-01-09 04:43:13,056: INFO: data_transformation: Training data shape: (1199, 12)]
[2026-01-09 04:43:13,056: INFO: data_transformation: Testing data shape:(400, 12)]
[2026-01-09 04:43:13,056: INFO: main: >>>>>>>> stage Data Transformation Stage completed <<<<<<<<<<

 x==========x]
[2026-01-09 04:43:13,110: INFO: main: >>>>> stage Model Training Stage started <<<<<<<<]
[2026-01-09 04:43:13,111: INFO: common: yaml file: config/config.yaml loaded success]
[2026-01-09 04:43:13,111: INFO: common: yaml file: params.yaml loaded success]
[2026-01-09 04:43:13,112: INFO: common: yaml file: schema.yaml loaded success]
[2026-01-09 04:43:13,112: INFO: common: create directory at:artifacts]
[2026-01-09 04:43:13,112: INFO: common: create directory at:artifacts/model_trainer]
[2026-01-09 04:43:13,119: INFO: main: >>>>>>>> stage Model Training Stage completed <<<<<<<<<<

 x==========x]
[2026-01-09 05:41:21,318: INFO: common: yaml file: config/config.yaml loaded success]
[2026-01-09 05:41:21,324: INFO: common: yaml file: params.yaml loaded success]
[2026-01-09 05:41:21,327: INFO: common: yaml file: schema.yaml loaded success]
[2026-01-09 05:41:21,328: INFO: common: create directory at:artifacts]
[2026-01-09 05:41:21,328: INFO: common: create directory at:artifacts/model_evaluation]
[2026-01-09 05:41:22,128: INFO: common: json file saved at: artifacts/model_evaluation/metrics.json]
[2026-01-09 05:45:44,038: INFO: common: yaml file: config/config.yaml loaded success]
[2026-01-09 05:45:44,043: INFO: common: yaml file: params.yaml loaded success]
[2026-01-09 05:45:44,046: INFO: common: yaml file: schema.yaml loaded success]
[2026-01-09 05:45:44,047: INFO: common: create directory at:artifacts]
[2026-01-09 05:45:44,048: INFO: common: create directory at:artifacts/model_evaluation]
[2026-01-09 05:45:44,451: INFO: common: json file saved at: artifacts/model_evaluation/metrics.json]
[2026-01-09 05:53:11,067: INFO: main: Welcome to the custom test logger]
[2026-01-09 05:53:11,068: INFO: main: >>>>> stage Data Ingestion Stage started <<<<<<<<]
[2026-01-09 05:53:11,070: INFO: common: yaml file: config/config.yaml loaded success]
[2026-01-09 05:53:11,071: INFO: common: yaml file: params.yaml loaded success]
[2026-01-09 05:53:11,072: INFO: common: yaml file: schema.yaml loaded success]
[2026-01-09 05:53:11,072: INFO: common: create directory at:artifacts]
[2026-01-09 05:53:11,073: INFO: common: create directory at:artifacts/data_ingestion]
[2026-01-09 05:53:11,073: INFO: data_ingestion: file already exists]
[2026-01-09 05:53:11,075: INFO: main: >>>>>>>> stage Data Ingestion Stage completed <<<<<<<<<<

 x==========x]
[2026-01-09 05:53:12,241: INFO: common: yaml file: config/config.yaml loaded success]
[2026-01-09 05:53:12,241: INFO: common: yaml file: params.yaml loaded success]
[2026-01-09 05:53:12,242: INFO: common: yaml file: schema.yaml loaded success]
[2026-01-09 05:53:12,242: INFO: common: create directory at:artifacts]
[2026-01-09 05:53:12,242: INFO: common: create directory at:artifacts/data_validation]
[2026-01-09 05:53:12,247: INFO: main: >>>>> stage Data Validation Stage started <<<<<<<<]
[2026-01-09 05:53:12,249: INFO: common: yaml file: config/config.yaml loaded success]
[2026-01-09 05:53:12,249: INFO: common: yaml file: params.yaml loaded success]
[2026-01-09 05:53:12,250: INFO: common: yaml file: schema.yaml loaded success]
[2026-01-09 05:53:12,251: INFO: common: create directory at:artifacts]
[2026-01-09 05:53:12,251: INFO: common: create directory at:artifacts/data_validation]
[2026-01-09 05:53:12,254: INFO: main: >>>>>>>> stage Data Validation Stage completed <<<<<<<<<<

 x==========x]
[2026-01-09 05:53:12,258: INFO: common: yaml file: config/config.yaml loaded success]
[2026-01-09 05:53:12,259: INFO: common: yaml file: params.yaml loaded success]
[2026-01-09 05:53:12,260: INFO: common: yaml file: schema.yaml loaded success]
[2026-01-09 05:53:12,260: INFO: common: create directory at:artifacts]
[2026-01-09 05:53:12,260: INFO: common: create directory at:artifacts/data_transformation]
[2026-01-09 05:53:12,276: INFO: data_transformation: Data split completed into train and test]
[2026-01-09 05:53:12,277: INFO: data_transformation: Training data shape: (1199, 12)]
[2026-01-09 05:53:12,277: INFO: data_transformation: Testing data shape:(400, 12)]
[2026-01-09 05:53:12,277: INFO: main: >>>>> stage Data Transformation Stage started <<<<<<<<]
[2026-01-09 05:53:12,278: INFO: common: yaml file: config/config.yaml loaded success]
[2026-01-09 05:53:12,278: INFO: common: yaml file: params.yaml loaded success]
[2026-01-09 05:53:12,279: INFO: common: yaml file: schema.yaml loaded success]
[2026-01-09 05:53:12,279: INFO: common: create directory at:artifacts]
[2026-01-09 05:53:12,279: INFO: common: create directory at:artifacts/data_transformation]
[2026-01-09 05:53:12,288: INFO: data_transformation: Data split completed into train and test]
[2026-01-09 05:53:12,288: INFO: data_transformation: Training data shape: (1199, 12)]
[2026-01-09 05:53:12,289: INFO: data_transformation: Testing data shape:(400, 12)]
[2026-01-09 05:53:12,289: INFO: main: >>>>>>>> stage Data Transformation Stage completed <<<<<<<<<<

 x==========x]
[2026-01-09 05:53:12,350: INFO: main: >>>>> stage Model Training Stage started <<<<<<<<]
[2026-01-09 05:53:12,351: INFO: common: yaml file: config/config.yaml loaded success]
[2026-01-09 05:53:12,351: INFO: common: yaml file: params.yaml loaded success]
[2026-01-09 05:53:12,352: INFO: common: yaml file: schema.yaml loaded success]
[2026-01-09 05:53:12,352: INFO: common: create directory at:artifacts]
[2026-01-09 05:53:12,352: INFO: common: create directory at:artifacts/model_trainer]
[2026-01-09 05:53:12,359: INFO: main: >>>>>>>> stage Model Training Stage completed <<<<<<<<<<

 x==========x]
[2026-01-09 05:53:12,927: INFO: main: >>>>> stage Model Evaluation Stage started <<<<<<<<]
[2026-01-09 05:53:12,932: ERROR: main: ModelEvaluation.__init__() missing 1 required positional argument: 'config']
Traceback (most recent call last):
  File "/Users/drdre/Desktop/ML/mlops_proj/main.py", line 67, in <module>
    model_evaluation = ModelEvaluation()
TypeError: ModelEvaluation.__init__() missing 1 required positional argument: 'config'
[2026-01-09 05:54:04,847: INFO: main: Welcome to the custom test logger]
[2026-01-09 05:54:04,848: INFO: main: >>>>> stage Data Ingestion Stage started <<<<<<<<]
[2026-01-09 05:54:04,850: INFO: common: yaml file: config/config.yaml loaded success]
[2026-01-09 05:54:04,851: INFO: common: yaml file: params.yaml loaded success]
[2026-01-09 05:54:04,852: INFO: common: yaml file: schema.yaml loaded success]
[2026-01-09 05:54:04,852: INFO: common: create directory at:artifacts]
[2026-01-09 05:54:04,852: INFO: common: create directory at:artifacts/data_ingestion]
[2026-01-09 05:54:04,852: INFO: data_ingestion: file already exists]
[2026-01-09 05:54:04,854: INFO: main: >>>>>>>> stage Data Ingestion Stage completed <<<<<<<<<<

 x==========x]
[2026-01-09 05:54:05,984: INFO: common: yaml file: config/config.yaml loaded success]
[2026-01-09 05:54:05,984: INFO: common: yaml file: params.yaml loaded success]
[2026-01-09 05:54:05,985: INFO: common: yaml file: schema.yaml loaded success]
[2026-01-09 05:54:05,985: INFO: common: create directory at:artifacts]
[2026-01-09 05:54:05,985: INFO: common: create directory at:artifacts/data_validation]
[2026-01-09 05:54:05,990: INFO: main: >>>>> stage Data Validation Stage started <<<<<<<<]
[2026-01-09 05:54:05,991: INFO: common: yaml file: config/config.yaml loaded success]
[2026-01-09 05:54:05,991: INFO: common: yaml file: params.yaml loaded success]
[2026-01-09 05:54:05,992: INFO: common: yaml file: schema.yaml loaded success]
[2026-01-09 05:54:05,992: INFO: common: create directory at:artifacts]
[2026-01-09 05:54:05,992: INFO: common: create directory at:artifacts/data_validation]
[2026-01-09 05:54:05,995: INFO: main: >>>>>>>> stage Data Validation Stage completed <<<<<<<<<<

 x==========x]
[2026-01-09 05:54:05,997: INFO: common: yaml file: config/config.yaml loaded success]
[2026-01-09 05:54:05,998: INFO: common: yaml file: params.yaml loaded success]
[2026-01-09 05:54:05,998: INFO: common: yaml file: schema.yaml loaded success]
[2026-01-09 05:54:05,998: INFO: common: create directory at:artifacts]
[2026-01-09 05:54:05,998: INFO: common: create directory at:artifacts/data_transformation]
[2026-01-09 05:54:06,014: INFO: data_transformation: Data split completed into train and test]
[2026-01-09 05:54:06,014: INFO: data_transformation: Training data shape: (1199, 12)]
[2026-01-09 05:54:06,014: INFO: data_transformation: Testing data shape:(400, 12)]
[2026-01-09 05:54:06,014: INFO: main: >>>>> stage Data Transformation Stage started <<<<<<<<]
[2026-01-09 05:54:06,015: INFO: common: yaml file: config/config.yaml loaded success]
[2026-01-09 05:54:06,015: INFO: common: yaml file: params.yaml loaded success]
[2026-01-09 05:54:06,016: INFO: common: yaml file: schema.yaml loaded success]
[2026-01-09 05:54:06,016: INFO: common: create directory at:artifacts]
[2026-01-09 05:54:06,016: INFO: common: create directory at:artifacts/data_transformation]
[2026-01-09 05:54:06,024: INFO: data_transformation: Data split completed into train and test]
[2026-01-09 05:54:06,024: INFO: data_transformation: Training data shape: (1199, 12)]
[2026-01-09 05:54:06,024: INFO: data_transformation: Testing data shape:(400, 12)]
[2026-01-09 05:54:06,024: INFO: main: >>>>>>>> stage Data Transformation Stage completed <<<<<<<<<<

 x==========x]
[2026-01-09 05:54:06,084: INFO: main: >>>>> stage Model Training Stage started <<<<<<<<]
[2026-01-09 05:54:06,086: INFO: common: yaml file: config/config.yaml loaded success]
[2026-01-09 05:54:06,086: INFO: common: yaml file: params.yaml loaded success]
[2026-01-09 05:54:06,087: INFO: common: yaml file: schema.yaml loaded success]
[2026-01-09 05:54:06,087: INFO: common: create directory at:artifacts]
[2026-01-09 05:54:06,087: INFO: common: create directory at:artifacts/model_trainer]
[2026-01-09 05:54:06,095: INFO: main: >>>>>>>> stage Model Training Stage completed <<<<<<<<<<

 x==========x]
[2026-01-09 05:54:06,603: INFO: main: >>>>> stage Model Evaluation Stage started <<<<<<<<]
[2026-01-09 05:54:06,603: ERROR: main: 'ModelEvaluationTrainingPipeline' object has no attribute 'eval_metrics']
Traceback (most recent call last):
  File "/Users/drdre/Desktop/ML/mlops_proj/main.py", line 68, in <module>
    model_evaluation.eval_metrics()
AttributeError: 'ModelEvaluationTrainingPipeline' object has no attribute 'eval_metrics'
[2026-01-09 05:54:47,718: INFO: main: Welcome to the custom test logger]
[2026-01-09 05:54:47,719: INFO: main: >>>>> stage Data Ingestion Stage started <<<<<<<<]
[2026-01-09 05:54:47,721: INFO: common: yaml file: config/config.yaml loaded success]
[2026-01-09 05:54:47,724: INFO: common: yaml file: params.yaml loaded success]
[2026-01-09 05:54:47,725: INFO: common: yaml file: schema.yaml loaded success]
[2026-01-09 05:54:47,725: INFO: common: create directory at:artifacts]
[2026-01-09 05:54:47,726: INFO: common: create directory at:artifacts/data_ingestion]
[2026-01-09 05:54:47,726: INFO: data_ingestion: file already exists]
[2026-01-09 05:54:47,728: INFO: main: >>>>>>>> stage Data Ingestion Stage completed <<<<<<<<<<

 x==========x]
[2026-01-09 05:54:48,845: INFO: common: yaml file: config/config.yaml loaded success]
[2026-01-09 05:54:48,845: INFO: common: yaml file: params.yaml loaded success]
[2026-01-09 05:54:48,846: INFO: common: yaml file: schema.yaml loaded success]
[2026-01-09 05:54:48,846: INFO: common: create directory at:artifacts]
[2026-01-09 05:54:48,846: INFO: common: create directory at:artifacts/data_validation]
[2026-01-09 05:54:48,850: INFO: main: >>>>> stage Data Validation Stage started <<<<<<<<]
[2026-01-09 05:54:48,851: INFO: common: yaml file: config/config.yaml loaded success]
[2026-01-09 05:54:48,852: INFO: common: yaml file: params.yaml loaded success]
[2026-01-09 05:54:48,852: INFO: common: yaml file: schema.yaml loaded success]
[2026-01-09 05:54:48,852: INFO: common: create directory at:artifacts]
[2026-01-09 05:54:48,853: INFO: common: create directory at:artifacts/data_validation]
[2026-01-09 05:54:48,854: INFO: main: >>>>>>>> stage Data Validation Stage completed <<<<<<<<<<

 x==========x]
[2026-01-09 05:54:48,856: INFO: common: yaml file: config/config.yaml loaded success]
[2026-01-09 05:54:48,856: INFO: common: yaml file: params.yaml loaded success]
[2026-01-09 05:54:48,857: INFO: common: yaml file: schema.yaml loaded success]
[2026-01-09 05:54:48,857: INFO: common: create directory at:artifacts]
[2026-01-09 05:54:48,857: INFO: common: create directory at:artifacts/data_transformation]
[2026-01-09 05:54:48,867: INFO: data_transformation: Data split completed into train and test]
[2026-01-09 05:54:48,867: INFO: data_transformation: Training data shape: (1199, 12)]
[2026-01-09 05:54:48,867: INFO: data_transformation: Testing data shape:(400, 12)]
[2026-01-09 05:54:48,867: INFO: main: >>>>> stage Data Transformation Stage started <<<<<<<<]
[2026-01-09 05:54:48,868: INFO: common: yaml file: config/config.yaml loaded success]
[2026-01-09 05:54:48,868: INFO: common: yaml file: params.yaml loaded success]
[2026-01-09 05:54:48,869: INFO: common: yaml file: schema.yaml loaded success]
[2026-01-09 05:54:48,869: INFO: common: create directory at:artifacts]
[2026-01-09 05:54:48,869: INFO: common: create directory at:artifacts/data_transformation]
[2026-01-09 05:54:48,877: INFO: data_transformation: Data split completed into train and test]
[2026-01-09 05:54:48,877: INFO: data_transformation: Training data shape: (1199, 12)]
[2026-01-09 05:54:48,877: INFO: data_transformation: Testing data shape:(400, 12)]
[2026-01-09 05:54:48,877: INFO: main: >>>>>>>> stage Data Transformation Stage completed <<<<<<<<<<

 x==========x]
[2026-01-09 05:54:48,933: INFO: main: >>>>> stage Model Training Stage started <<<<<<<<]
[2026-01-09 05:54:48,934: INFO: common: yaml file: config/config.yaml loaded success]
[2026-01-09 05:54:48,934: INFO: common: yaml file: params.yaml loaded success]
[2026-01-09 05:54:48,935: INFO: common: yaml file: schema.yaml loaded success]
[2026-01-09 05:54:48,935: INFO: common: create directory at:artifacts]
[2026-01-09 05:54:48,935: INFO: common: create directory at:artifacts/model_trainer]
[2026-01-09 05:54:48,942: INFO: main: >>>>>>>> stage Model Training Stage completed <<<<<<<<<<

 x==========x]
[2026-01-09 05:54:49,379: INFO: main: >>>>> stage Model Evaluation Stage started <<<<<<<<]
[2026-01-09 05:54:49,381: INFO: common: yaml file: config/config.yaml loaded success]
[2026-01-09 05:54:49,381: INFO: common: yaml file: params.yaml loaded success]
[2026-01-09 05:54:49,382: INFO: common: yaml file: schema.yaml loaded success]
[2026-01-09 05:54:49,382: INFO: common: create directory at:artifacts]
[2026-01-09 05:54:49,382: INFO: common: create directory at:artifacts/model_evaluation]
[2026-01-09 05:54:49,382: ERROR: main: ModelEvaluation.eval_metrics() missing 2 required positional arguments: 'actual' and 'pred']
Traceback (most recent call last):
  File "/Users/drdre/Desktop/ML/mlops_proj/main.py", line 68, in <module>
    model_evaluation.initiate_model_evaluation()
  File "/Users/drdre/Desktop/ML/mlops_proj/src/DataScienceProject/pipeline/model_evaluation_pipeline.py", line 16, in initiate_model_evaluation
    model_evaluation.eval_metrics()
TypeError: ModelEvaluation.eval_metrics() missing 2 required positional arguments: 'actual' and 'pred'
[2026-01-09 05:56:26,848: INFO: main: Welcome to the custom test logger]
[2026-01-09 05:56:26,849: INFO: main: >>>>> stage Data Ingestion Stage started <<<<<<<<]
[2026-01-09 05:56:26,851: INFO: common: yaml file: config/config.yaml loaded success]
[2026-01-09 05:56:26,851: INFO: common: yaml file: params.yaml loaded success]
[2026-01-09 05:56:26,852: INFO: common: yaml file: schema.yaml loaded success]
[2026-01-09 05:56:26,852: INFO: common: create directory at:artifacts]
[2026-01-09 05:56:26,852: INFO: common: create directory at:artifacts/data_ingestion]
[2026-01-09 05:56:26,852: INFO: data_ingestion: file already exists]
[2026-01-09 05:56:26,854: INFO: main: >>>>>>>> stage Data Ingestion Stage completed <<<<<<<<<<

 x==========x]
[2026-01-09 05:56:27,917: INFO: common: yaml file: config/config.yaml loaded success]
[2026-01-09 05:56:27,918: INFO: common: yaml file: params.yaml loaded success]
[2026-01-09 05:56:27,918: INFO: common: yaml file: schema.yaml loaded success]
[2026-01-09 05:56:27,918: INFO: common: create directory at:artifacts]
[2026-01-09 05:56:27,918: INFO: common: create directory at:artifacts/data_validation]
[2026-01-09 05:56:27,923: INFO: main: >>>>> stage Data Validation Stage started <<<<<<<<]
[2026-01-09 05:56:27,924: INFO: common: yaml file: config/config.yaml loaded success]
[2026-01-09 05:56:27,924: INFO: common: yaml file: params.yaml loaded success]
[2026-01-09 05:56:27,925: INFO: common: yaml file: schema.yaml loaded success]
[2026-01-09 05:56:27,925: INFO: common: create directory at:artifacts]
[2026-01-09 05:56:27,925: INFO: common: create directory at:artifacts/data_validation]
[2026-01-09 05:56:27,927: INFO: main: >>>>>>>> stage Data Validation Stage completed <<<<<<<<<<

 x==========x]
[2026-01-09 05:56:27,929: INFO: common: yaml file: config/config.yaml loaded success]
[2026-01-09 05:56:27,929: INFO: common: yaml file: params.yaml loaded success]
[2026-01-09 05:56:27,930: INFO: common: yaml file: schema.yaml loaded success]
[2026-01-09 05:56:27,930: INFO: common: create directory at:artifacts]
[2026-01-09 05:56:27,930: INFO: common: create directory at:artifacts/data_transformation]
[2026-01-09 05:56:27,944: INFO: data_transformation: Data split completed into train and test]
[2026-01-09 05:56:27,944: INFO: data_transformation: Training data shape: (1199, 12)]
[2026-01-09 05:56:27,944: INFO: data_transformation: Testing data shape:(400, 12)]
[2026-01-09 05:56:27,944: INFO: main: >>>>> stage Data Transformation Stage started <<<<<<<<]
[2026-01-09 05:56:27,945: INFO: common: yaml file: config/config.yaml loaded success]
[2026-01-09 05:56:27,945: INFO: common: yaml file: params.yaml loaded success]
[2026-01-09 05:56:27,946: INFO: common: yaml file: schema.yaml loaded success]
[2026-01-09 05:56:27,946: INFO: common: create directory at:artifacts]
[2026-01-09 05:56:27,946: INFO: common: create directory at:artifacts/data_transformation]
[2026-01-09 05:56:27,953: INFO: data_transformation: Data split completed into train and test]
[2026-01-09 05:56:27,953: INFO: data_transformation: Training data shape: (1199, 12)]
[2026-01-09 05:56:27,954: INFO: data_transformation: Testing data shape:(400, 12)]
[2026-01-09 05:56:27,954: INFO: main: >>>>>>>> stage Data Transformation Stage completed <<<<<<<<<<

 x==========x]
[2026-01-09 05:56:28,018: INFO: main: >>>>> stage Model Training Stage started <<<<<<<<]
[2026-01-09 05:56:28,019: INFO: common: yaml file: config/config.yaml loaded success]
[2026-01-09 05:56:28,019: INFO: common: yaml file: params.yaml loaded success]
[2026-01-09 05:56:28,020: INFO: common: yaml file: schema.yaml loaded success]
[2026-01-09 05:56:28,020: INFO: common: create directory at:artifacts]
[2026-01-09 05:56:28,020: INFO: common: create directory at:artifacts/model_trainer]
[2026-01-09 05:56:28,031: INFO: main: >>>>>>>> stage Model Training Stage completed <<<<<<<<<<

 x==========x]
[2026-01-09 05:56:28,488: INFO: main: >>>>> stage Model Evaluation Stage started <<<<<<<<]
[2026-01-09 05:56:28,489: INFO: common: yaml file: config/config.yaml loaded success]
[2026-01-09 05:56:28,490: INFO: common: yaml file: params.yaml loaded success]
[2026-01-09 05:56:28,490: INFO: common: yaml file: schema.yaml loaded success]
[2026-01-09 05:56:28,491: INFO: common: create directory at:artifacts]
[2026-01-09 05:56:28,491: INFO: common: create directory at:artifacts/model_evaluation]
[2026-01-09 05:56:30,629: INFO: common: json file saved at: artifacts/model_evaluation/metrics.json]
[2026-01-09 05:56:32,655: INFO: main: >>>>>>>> stage Model Evaluation Stage completed <<<<<<<<<<

 x==========x]
[2026-01-09 05:58:26,992: INFO: main: Welcome to the custom test logger]
[2026-01-09 05:58:26,993: INFO: main: >>>>> stage Data Ingestion Stage started <<<<<<<<]
[2026-01-09 05:58:26,996: INFO: common: yaml file: config/config.yaml loaded success]
[2026-01-09 05:58:26,999: INFO: common: yaml file: params.yaml loaded success]
[2026-01-09 05:58:27,000: INFO: common: yaml file: schema.yaml loaded success]
[2026-01-09 05:58:27,000: INFO: common: create directory at:artifacts]
[2026-01-09 05:58:27,000: INFO: common: create directory at:artifacts/data_ingestion]
[2026-01-09 05:58:27,000: INFO: data_ingestion: file already exists]
[2026-01-09 05:58:27,003: INFO: main: >>>>>>>> stage Data Ingestion Stage completed <<<<<<<<<<

 x==========x]
[2026-01-09 05:58:28,174: INFO: common: yaml file: config/config.yaml loaded success]
[2026-01-09 05:58:28,175: INFO: common: yaml file: params.yaml loaded success]
[2026-01-09 05:58:28,175: INFO: common: yaml file: schema.yaml loaded success]
[2026-01-09 05:58:28,176: INFO: common: create directory at:artifacts]
[2026-01-09 05:58:28,176: INFO: common: create directory at:artifacts/data_validation]
[2026-01-09 05:58:28,180: INFO: main: >>>>> stage Data Validation Stage started <<<<<<<<]
[2026-01-09 05:58:28,181: INFO: common: yaml file: config/config.yaml loaded success]
[2026-01-09 05:58:28,181: INFO: common: yaml file: params.yaml loaded success]
[2026-01-09 05:58:28,182: INFO: common: yaml file: schema.yaml loaded success]
[2026-01-09 05:58:28,182: INFO: common: create directory at:artifacts]
[2026-01-09 05:58:28,182: INFO: common: create directory at:artifacts/data_validation]
[2026-01-09 05:58:28,184: INFO: main: >>>>>>>> stage Data Validation Stage completed <<<<<<<<<<

 x==========x]
[2026-01-09 05:58:28,186: INFO: common: yaml file: config/config.yaml loaded success]
[2026-01-09 05:58:28,186: INFO: common: yaml file: params.yaml loaded success]
[2026-01-09 05:58:28,187: INFO: common: yaml file: schema.yaml loaded success]
[2026-01-09 05:58:28,187: INFO: common: create directory at:artifacts]
[2026-01-09 05:58:28,187: INFO: common: create directory at:artifacts/data_transformation]
[2026-01-09 05:58:28,200: INFO: data_transformation: Data split completed into train and test]
[2026-01-09 05:58:28,200: INFO: data_transformation: Training data shape: (1199, 12)]
[2026-01-09 05:58:28,200: INFO: data_transformation: Testing data shape:(400, 12)]
[2026-01-09 05:58:28,201: INFO: main: >>>>> stage Data Transformation Stage started <<<<<<<<]
[2026-01-09 05:58:28,202: INFO: common: yaml file: config/config.yaml loaded success]
[2026-01-09 05:58:28,202: INFO: common: yaml file: params.yaml loaded success]
[2026-01-09 05:58:28,203: INFO: common: yaml file: schema.yaml loaded success]
[2026-01-09 05:58:28,203: INFO: common: create directory at:artifacts]
[2026-01-09 05:58:28,203: INFO: common: create directory at:artifacts/data_transformation]
[2026-01-09 05:58:28,213: INFO: data_transformation: Data split completed into train and test]
[2026-01-09 05:58:28,213: INFO: data_transformation: Training data shape: (1199, 12)]
[2026-01-09 05:58:28,213: INFO: data_transformation: Testing data shape:(400, 12)]
[2026-01-09 05:58:28,213: INFO: main: >>>>>>>> stage Data Transformation Stage completed <<<<<<<<<<

 x==========x]
[2026-01-09 05:58:28,286: INFO: main: >>>>> stage Model Training Stage started <<<<<<<<]
[2026-01-09 05:58:28,288: INFO: common: yaml file: config/config.yaml loaded success]
[2026-01-09 05:58:28,289: INFO: common: yaml file: params.yaml loaded success]
[2026-01-09 05:58:28,289: INFO: common: yaml file: schema.yaml loaded success]
[2026-01-09 05:58:28,289: INFO: common: create directory at:artifacts]
[2026-01-09 05:58:28,289: INFO: common: create directory at:artifacts/model_trainer]
[2026-01-09 05:58:28,298: INFO: main: >>>>>>>> stage Model Training Stage completed <<<<<<<<<<

 x==========x]
[2026-01-09 05:58:28,860: INFO: main: >>>>> stage Model Evaluation Stage started <<<<<<<<]
[2026-01-09 05:58:28,862: INFO: common: yaml file: config/config.yaml loaded success]
[2026-01-09 05:58:28,862: INFO: common: yaml file: params.yaml loaded success]
[2026-01-09 05:58:28,863: INFO: common: yaml file: schema.yaml loaded success]
[2026-01-09 05:58:28,863: INFO: common: create directory at:artifacts]
[2026-01-09 05:58:28,863: INFO: common: create directory at:artifacts/model_evaluation]
[2026-01-09 05:58:29,635: INFO: common: json file saved at: artifacts/model_evaluation/metrics.json]
[2026-01-09 05:58:40,748: INFO: main: >>>>>>>> stage Model Evaluation Stage completed <<<<<<<<<<

 x==========x]
[2026-01-10 14:51:49,257: INFO: _internal: [31m[1mWARNING: This is a development server. Do not use it in a production deployment. Use a production WSGI server instead.[0m
 * Running on all addresses (0.0.0.0)
 * Running on http://127.0.0.1:8080
 * Running on http://192.168.1.167:8080]
[2026-01-10 14:51:49,261: INFO: _internal: [33mPress CTRL+C to quit[0m]
[2026-01-10 14:51:54,660: INFO: _internal: 192.168.1.167 - - [10/Jan/2026 14:51:54] "GET / HTTP/1.1" 200 -]
[2026-01-10 14:51:54,753: INFO: _internal: 192.168.1.167 - - [10/Jan/2026 14:51:54] "[33mGET /static/assets/img/form-v9.jpg HTTP/1.1[0m" 404 -]
[2026-01-10 14:51:54,999: INFO: _internal: 192.168.1.167 - - [10/Jan/2026 14:51:54] "[33mGET /favicon.ico HTTP/1.1[0m" 404 -]
[2026-01-10 14:52:23,704: INFO: _internal: 192.168.1.167 - - [10/Jan/2026 14:52:23] "POST /predict HTTP/1.1" 200 -]
